c:\users\ladsw\onedrive\documents\scripts\#universidade\c\sistemas operacionais ciberfísicos\02\freertos\demo\win32-msvc-exemplo_01 - hello world\debug\vc143.pdb
c:\users\ladsw\onedrive\documents\scripts\#universidade\c\sistemas operacionais ciberfísicos\02\freertos\demo\win32-msvc-exemplo_01 - hello world\debug\vc143.idb
c:\users\ladsw\onedrive\documents\scripts\#universidade\c\sistemas operacionais ciberfísicos\02\freertos\demo\win32-msvc-exemplo_01 - hello world\debug\trcbase.obj
c:\users\ladsw\onedrive\documents\scripts\#universidade\c\sistemas operacionais ciberfísicos\02\freertos\demo\win32-msvc-exemplo_01 - hello world\debug\trchardwareport.obj
c:\users\ladsw\onedrive\documents\scripts\#universidade\c\sistemas operacionais ciberfísicos\02\freertos\demo\win32-msvc-exemplo_01 - hello world\debug\trckernel.obj
c:\users\ladsw\onedrive\documents\scripts\#universidade\c\sistemas operacionais ciberfísicos\02\freertos\demo\win32-msvc-exemplo_01 - hello world\debug\trckernelport.obj
c:\users\ladsw\onedrive\documents\scripts\#universidade\c\sistemas operacionais ciberfísicos\02\freertos\demo\win32-msvc-exemplo_01 - hello world\debug\trcuser.obj
c:\users\ladsw\onedrive\documents\scripts\#universidade\c\sistemas operacionais ciberfísicos\02\freertos\demo\win32-msvc-exemplo_01 - hello world\debug\croutine.obj
c:\users\ladsw\onedrive\documents\scripts\#universidade\c\sistemas operacionais ciberfísicos\02\freertos\demo\win32-msvc-exemplo_01 - hello world\debug\event_groups.obj
c:\users\ladsw\onedrive\documents\scripts\#universidade\c\sistemas operacionais ciberfísicos\02\freertos\demo\win32-msvc-exemplo_01 - hello world\debug\heap_5.obj
c:\users\ladsw\onedrive\documents\scripts\#universidade\c\sistemas operacionais ciberfísicos\02\freertos\demo\win32-msvc-exemplo_01 - hello world\debug\timers.obj
c:\users\ladsw\onedrive\documents\scripts\#universidade\c\sistemas operacionais ciberfísicos\02\freertos\demo\win32-msvc-exemplo_01 - hello world\debug\basic_io.obj
c:\users\ladsw\onedrive\documents\scripts\#universidade\c\sistemas operacionais ciberfísicos\02\freertos\demo\win32-msvc-exemplo_01 - hello world\debug\example.obj
c:\users\ladsw\onedrive\documents\scripts\#universidade\c\sistemas operacionais ciberfísicos\02\freertos\demo\win32-msvc-exemplo_01 - hello world\debug\main.obj
c:\users\ladsw\onedrive\documents\scripts\#universidade\c\sistemas operacionais ciberfísicos\02\freertos\demo\win32-msvc-exemplo_01 - hello world\debug\list.obj
c:\users\ladsw\onedrive\documents\scripts\#universidade\c\sistemas operacionais ciberfísicos\02\freertos\demo\win32-msvc-exemplo_01 - hello world\debug\port.obj
c:\users\ladsw\onedrive\documents\scripts\#universidade\c\sistemas operacionais ciberfísicos\02\freertos\demo\win32-msvc-exemplo_01 - hello world\debug\queue.obj
c:\users\ladsw\onedrive\documents\scripts\#universidade\c\sistemas operacionais ciberfísicos\02\freertos\demo\win32-msvc-exemplo_01 - hello world\debug\tasks.obj
c:\users\ladsw\onedrive\documents\scripts\#universidade\c\sistemas operacionais ciberfísicos\02\freertos\demo\win32-msvc-exemplo_01 - hello world\debug\run-time-stats-utils.obj
c:\users\ladsw\onedrive\documents\scripts\#universidade\c\sistemas operacionais ciberfísicos\02\freertos\demo\win32-msvc-exemplo_01 - hello world\debug\exemplo_01.ilk
c:\users\ladsw\onedrive\documents\scripts\#universidade\c\sistemas operacionais ciberfísicos\02\freertos\demo\win32-msvc-exemplo_01 - hello world\debug\exemplo_01.exe
c:\users\ladsw\onedrive\documents\scripts\#universidade\c\sistemas operacionais ciberfísicos\02\freertos\demo\win32-msvc-exemplo_01 - hello world\debug\win32.pdb
c:\users\ladsw\onedrive\documents\scripts\#universidade\c\sistemas operacionais ciberfísicos\02\freertos\demo\win32-msvc-exemplo_01 - hello world\debug\exemplo_01.tlog\cl.command.1.tlog
c:\users\ladsw\onedrive\documents\scripts\#universidade\c\sistemas operacionais ciberfísicos\02\freertos\demo\win32-msvc-exemplo_01 - hello world\debug\exemplo_01.tlog\cl.read.1.tlog
c:\users\ladsw\onedrive\documents\scripts\#universidade\c\sistemas operacionais ciberfísicos\02\freertos\demo\win32-msvc-exemplo_01 - hello world\debug\exemplo_01.tlog\cl.write.1.tlog
c:\users\ladsw\onedrive\documents\scripts\#universidade\c\sistemas operacionais ciberfísicos\02\freertos\demo\win32-msvc-exemplo_01 - hello world\debug\exemplo_01.tlog\link.command.1.tlog
c:\users\ladsw\onedrive\documents\scripts\#universidade\c\sistemas operacionais ciberfísicos\02\freertos\demo\win32-msvc-exemplo_01 - hello world\debug\exemplo_01.tlog\link.read.1.tlog
c:\users\ladsw\onedrive\documents\scripts\#universidade\c\sistemas operacionais ciberfísicos\02\freertos\demo\win32-msvc-exemplo_01 - hello world\debug\exemplo_01.tlog\link.write.1.tlog
