c:\users\ladsw\onedrive\documents\scripts\#universidade\c\sistemas operacionais ciberfísicos\freertos_pucpr\freertos\demo\win32-msvc-exemplo_02 - contexto variável\debug\vc143.pdb
c:\users\ladsw\onedrive\documents\scripts\#universidade\c\sistemas operacionais ciberfísicos\freertos_pucpr\freertos\demo\win32-msvc-exemplo_02 - contexto variável\debug\vc143.idb
c:\users\ladsw\onedrive\documents\scripts\#universidade\c\sistemas operacionais ciberfísicos\freertos_pucpr\freertos\demo\win32-msvc-exemplo_02 - contexto variável\debug\trcbase.obj
c:\users\ladsw\onedrive\documents\scripts\#universidade\c\sistemas operacionais ciberfísicos\freertos_pucpr\freertos\demo\win32-msvc-exemplo_02 - contexto variável\debug\trchardwareport.obj
c:\users\ladsw\onedrive\documents\scripts\#universidade\c\sistemas operacionais ciberfísicos\freertos_pucpr\freertos\demo\win32-msvc-exemplo_02 - contexto variável\debug\trckernel.obj
c:\users\ladsw\onedrive\documents\scripts\#universidade\c\sistemas operacionais ciberfísicos\freertos_pucpr\freertos\demo\win32-msvc-exemplo_02 - contexto variável\debug\trckernelport.obj
c:\users\ladsw\onedrive\documents\scripts\#universidade\c\sistemas operacionais ciberfísicos\freertos_pucpr\freertos\demo\win32-msvc-exemplo_02 - contexto variável\debug\trcuser.obj
c:\users\ladsw\onedrive\documents\scripts\#universidade\c\sistemas operacionais ciberfísicos\freertos_pucpr\freertos\demo\win32-msvc-exemplo_02 - contexto variável\debug\croutine.obj
c:\users\ladsw\onedrive\documents\scripts\#universidade\c\sistemas operacionais ciberfísicos\freertos_pucpr\freertos\demo\win32-msvc-exemplo_02 - contexto variável\debug\event_groups.obj
c:\users\ladsw\onedrive\documents\scripts\#universidade\c\sistemas operacionais ciberfísicos\freertos_pucpr\freertos\demo\win32-msvc-exemplo_02 - contexto variável\debug\heap_5.obj
c:\users\ladsw\onedrive\documents\scripts\#universidade\c\sistemas operacionais ciberfísicos\freertos_pucpr\freertos\demo\win32-msvc-exemplo_02 - contexto variável\debug\timers.obj
c:\users\ladsw\onedrive\documents\scripts\#universidade\c\sistemas operacionais ciberfísicos\freertos_pucpr\freertos\demo\win32-msvc-exemplo_02 - contexto variável\debug\basic_io.obj
c:\users\ladsw\onedrive\documents\scripts\#universidade\c\sistemas operacionais ciberfísicos\freertos_pucpr\freertos\demo\win32-msvc-exemplo_02 - contexto variável\debug\example.obj
c:\users\ladsw\onedrive\documents\scripts\#universidade\c\sistemas operacionais ciberfísicos\freertos_pucpr\freertos\demo\win32-msvc-exemplo_02 - contexto variável\debug\main.obj
c:\users\ladsw\onedrive\documents\scripts\#universidade\c\sistemas operacionais ciberfísicos\freertos_pucpr\freertos\demo\win32-msvc-exemplo_02 - contexto variável\debug\list.obj
c:\users\ladsw\onedrive\documents\scripts\#universidade\c\sistemas operacionais ciberfísicos\freertos_pucpr\freertos\demo\win32-msvc-exemplo_02 - contexto variável\debug\port.obj
c:\users\ladsw\onedrive\documents\scripts\#universidade\c\sistemas operacionais ciberfísicos\freertos_pucpr\freertos\demo\win32-msvc-exemplo_02 - contexto variável\debug\queue.obj
c:\users\ladsw\onedrive\documents\scripts\#universidade\c\sistemas operacionais ciberfísicos\freertos_pucpr\freertos\demo\win32-msvc-exemplo_02 - contexto variável\debug\tasks.obj
c:\users\ladsw\onedrive\documents\scripts\#universidade\c\sistemas operacionais ciberfísicos\freertos_pucpr\freertos\demo\win32-msvc-exemplo_02 - contexto variável\debug\run-time-stats-utils.obj
c:\users\ladsw\onedrive\documents\scripts\#universidade\c\sistemas operacionais ciberfísicos\freertos_pucpr\freertos\demo\win32-msvc-exemplo_02 - contexto variável\debug\exemplo_02.ilk
c:\users\ladsw\onedrive\documents\scripts\#universidade\c\sistemas operacionais ciberfísicos\freertos_pucpr\freertos\demo\win32-msvc-exemplo_02 - contexto variável\debug\exemplo_02.exe
c:\users\ladsw\onedrive\documents\scripts\#universidade\c\sistemas operacionais ciberfísicos\freertos_pucpr\freertos\demo\win32-msvc-exemplo_02 - contexto variável\debug\win32.pdb
c:\users\ladsw\onedrive\documents\scripts\#universidade\c\sistemas operacionais ciberfísicos\freertos_pucpr\freertos\demo\win32-msvc-exemplo_02 - contexto variável\debug\exemplo_02.tlog\cl.command.1.tlog
c:\users\ladsw\onedrive\documents\scripts\#universidade\c\sistemas operacionais ciberfísicos\freertos_pucpr\freertos\demo\win32-msvc-exemplo_02 - contexto variável\debug\exemplo_02.tlog\cl.read.1.tlog
c:\users\ladsw\onedrive\documents\scripts\#universidade\c\sistemas operacionais ciberfísicos\freertos_pucpr\freertos\demo\win32-msvc-exemplo_02 - contexto variável\debug\exemplo_02.tlog\cl.write.1.tlog
c:\users\ladsw\onedrive\documents\scripts\#universidade\c\sistemas operacionais ciberfísicos\freertos_pucpr\freertos\demo\win32-msvc-exemplo_02 - contexto variável\debug\exemplo_02.tlog\link.command.1.tlog
c:\users\ladsw\onedrive\documents\scripts\#universidade\c\sistemas operacionais ciberfísicos\freertos_pucpr\freertos\demo\win32-msvc-exemplo_02 - contexto variável\debug\exemplo_02.tlog\link.read.1.tlog
c:\users\ladsw\onedrive\documents\scripts\#universidade\c\sistemas operacionais ciberfísicos\freertos_pucpr\freertos\demo\win32-msvc-exemplo_02 - contexto variável\debug\exemplo_02.tlog\link.write.1.tlog
